# JRE version: OpenJDK Runtime Environment Temurin-21.0.10+7 (21.0.10+7) (build 21.0.10+7-LTS)
# Java VM: OpenJDK 64-Bit Server VM Temurin-21.0.10+7 (21.0.10+7-LTS, mixed mode, sharing, tiered, compressed oops, compressed class ptrs, parallel gc, windows-amd64)
GC Precious Log:
 CardTable entry size: 512
 CPUs: 20 total, 20 available
 Memory: 16004M
 Large Page Support: Disabled
 NUMA Support: Disabled
 Compressed Oops: Enabled (32-bit)
 Alignments: Space 512K, Generation 512K, Heap 2M
 Heap Min Capacity: 100M
 Heap Initial Capacity: 100M
 Heap Max Capacity: 2G
 Pre-touch: Disabled
 Parallel Workers: 15
Heap:
 PSYoungGen      total 6144K, used 4376K [0x00000000d5580000, 0x00000000d5d00000, 0x0000000100000000)
  eden space 4608K, 66% used [0x00000000d5580000,0x00000000d587e1a8,0x00000000d5a00000)
  from space 1536K, 85% used [0x00000000d5b00000,0x00000000d5c48000,0x00000000d5c80000)
  to   space 512K, 0% used [0x00000000d5c80000,0x00000000d5c80000,0x00000000d5d00000)
 ParOldGen       total 314880K, used 314695K [0x0000000080000000, 0x0000000093380000, 0x00000000d5580000)
  object space 314880K, 99% used [0x0000000080000000,0x0000000093351f18,0x0000000093380000)
 Metaspace       used 71095K, committed 72832K, reserved 1179648K
  class space    used 7052K, committed 7808K, reserved 1048576K
GC Heap History (20 events):
Event: 6857.716 GC heap before
{Heap before GC invocations=301 (full 3):
 PSYoungGen      total 2560K, used 2175K [0x00000000d5580000, 0x00000000d5c80000, 0x0000000100000000)
  eden space 1024K, 99% used [0x00000000d5580000,0x00000000d567ffa0,0x00000000d5680000)
  from space 1536K, 75% used [0x00000000d5680000,0x00000000d57a0000,0x00000000d5800000)
  to   space 2560K, 0% used [0x00000000d5a00000,0x00000000d5a00000,0x00000000d5c80000)
 ParOldGen       total 299008K, used 298552K [0x0000000080000000, 0x0000000092400000, 0x00000000d5580000)
  object space 299008K, 99% used [0x0000000080000000,0x000000009238e078,0x0000000092400000)
 Metaspace       used 70954K, committed 72640K, reserved 1114112K
  class space    used 7045K, committed 7808K, reserved 1048576K
}
Event: 6857.719 GC heap after
{Heap after GC invocations=301 (full 3):
 PSYoungGen      total 2560K, used 992K [0x00000000d5580000, 0x00000000d5b00000, 0x0000000100000000)
  eden space 1536K, 0% used [0x00000000d5580000,0x00000000d5580000,0x00000000d5700000)
  from space 1024K, 96% used [0x00000000d5a00000,0x00000000d5af8000,0x00000000d5b00000)
  to   space 1536K, 0% used [0x00000000d5800000,0x00000000d5800000,0x00000000d5980000)
 ParOldGen       total 300032K, used 299544K [0x0000000080000000, 0x0000000092500000, 0x00000000d5580000)
  object space 300032K, 99% used [0x0000000080000000,0x0000000092486078,0x0000000092500000)
 Metaspace       used 70954K, committed 72640K, reserved 1114112K
  class space    used 7045K, committed 7808K, reserved 1048576K
}
Event: 6857.726 GC heap before
{Heap before GC invocations=302 (full 3):
 PSYoungGen      total 2560K, used 2527K [0x00000000d5580000, 0x00000000d5b00000, 0x0000000100000000)
  eden space 1536K, 99% used [0x00000000d5580000,0x00000000d56fffd8,0x00000000d5700000)
  from space 1024K, 96% used [0x00000000d5a00000,0x00000000d5af8000,0x00000000d5b00000)
  to   space 1536K, 0% used [0x00000000d5800000,0x00000000d5800000,0x00000000d5980000)
 ParOldGen       total 300032K, used 299544K [0x0000000080000000, 0x0000000092500000, 0x00000000d5580000)
  object space 300032K, 99% used [0x0000000080000000,0x0000000092486078,0x0000000092500000)
 Metaspace       used 70954K, committed 72640K, reserved 1114112K
  class space    used 7045K, committed 7808K, reserved 1048576K
}
Event: 6857.729 GC heap after
{Heap after GC invocations=302 (full 3):
 PSYoungGen      total 3584K, used 1536K [0x00000000d5580000, 0x00000000d5d80000, 0x0000000100000000)
  eden space 2048K, 0% used [0x00000000d5580000,0x00000000d5580000,0x00000000d5780000)
  from space 1536K, 100% used [0x00000000d5800000,0x00000000d5980000,0x00000000d5980000)
  to   space 3072K, 0% used [0x00000000d5a80000,0x00000000d5a80000,0x00000000d5d80000)
 ParOldGen       total 300544K, used 300328K [0x0000000080000000, 0x0000000092580000, 0x00000000d5580000)
  object space 300544K, 99% used [0x0000000080000000,0x000000009254a078,0x0000000092580000)
 Metaspace       used 70954K, committed 72640K, reserved 1114112K
  class space    used 7045K, committed 7808K, reserved 1048576K
}
Event: 6857.754 GC heap before
{Heap before GC invocations=303 (full 3):
 PSYoungGen      total 3584K, used 3584K [0x00000000d5580000, 0x00000000d5d80000, 0x0000000100000000)
  eden space 2048K, 100% used [0x00000000d5580000,0x00000000d5780000,0x00000000d5780000)
  from space 1536K, 100% used [0x00000000d5800000,0x00000000d5980000,0x00000000d5980000)
  to   space 3072K, 0% used [0x00000000d5a80000,0x00000000d5a80000,0x00000000d5d80000)
 ParOldGen       total 300544K, used 300328K [0x0000000080000000, 0x0000000092580000, 0x00000000d5580000)
  object space 300544K, 99% used [0x0000000080000000,0x000000009254a078,0x0000000092580000)
 Metaspace       used 70954K, committed 72640K, reserved 1114112K
  class space    used 7045K, committed 7808K, reserved 1048576K
}
Event: 6857.757 GC heap after
{Heap after GC invocations=303 (full 3):
 PSYoungGen      total 4608K, used 1776K [0x00000000d5580000, 0x00000000d5c80000, 0x0000000100000000)
  eden space 2560K, 0% used [0x00000000d5580000,0x00000000d5580000,0x00000000d5800000)
  from space 2048K, 86% used [0x00000000d5a80000,0x00000000d5c3c030,0x00000000d5c80000)
  to   space 2048K, 0% used [0x00000000d5880000,0x00000000d5880000,0x00000000d5a80000)
 ParOldGen       total 302080K, used 301688K [0x0000000080000000, 0x0000000092700000, 0x00000000d5580000)
  object space 302080K, 99% used [0x0000000080000000,0x000000009269e078,0x0000000092700000)
 Metaspace       used 70954K, committed 72640K, reserved 1114112K
  class space    used 7045K, committed 7808K, reserved 1048576K
}
Event: 6857.771 GC heap before
{Heap before GC invocations=304 (full 3):
 PSYoungGen      total 4608K, used 4336K [0x00000000d5580000, 0x00000000d5c80000, 0x0000000100000000)
  eden space 2560K, 100% used [0x00000000d5580000,0x00000000d5800000,0x00000000d5800000)
  from space 2048K, 86% used [0x00000000d5a80000,0x00000000d5c3c030,0x00000000d5c80000)
  to   space 2048K, 0% used [0x00000000d5880000,0x00000000d5880000,0x00000000d5a80000)
 ParOldGen       total 302080K, used 301688K [0x0000000080000000, 0x0000000092700000, 0x00000000d5580000)
  object space 302080K, 99% used [0x0000000080000000,0x000000009269e078,0x0000000092700000)
 Metaspace       used 70954K, committed 72640K, reserved 1114112K
  class space    used 7045K, committed 7808K, reserved 1048576K
}
Event: 6857.775 GC heap after
{Heap after GC invocations=304 (full 3):
 PSYoungGen      total 5120K, used 2039K [0x00000000d5580000, 0x00000000d6080000, 0x0000000100000000)
  eden space 3072K, 0% used [0x00000000d5580000,0x00000000d5580000,0x00000000d5880000)
  from space 2048K, 99% used [0x00000000d5880000,0x00000000d5a7dd90,0x00000000d5a80000)
  to   space 4096K, 0% used [0x00000000d5c80000,0x00000000d5c80000,0x00000000d6080000)
 ParOldGen       total 303616K, used 303352K [0x0000000080000000, 0x0000000092880000, 0x00000000d5580000)
  object space 303616K, 99% used [0x0000000080000000,0x000000009283e3a8,0x0000000092880000)
 Metaspace       used 70954K, committed 72640K, reserved 1114112K
  class space    used 7045K, committed 7808K, reserved 1048576K
}
Event: 6857.777 GC heap before
{Heap before GC invocations=305 (full 3):
 PSYoungGen      total 5120K, used 4850K [0x00000000d5580000, 0x00000000d6080000, 0x0000000100000000)
  eden space 3072K, 91% used [0x00000000d5580000,0x00000000d583ebd0,0x00000000d5880000)
  from space 2048K, 99% used [0x00000000d5880000,0x00000000d5a7dd90,0x00000000d5a80000)
  to   space 4096K, 0% used [0x00000000d5c80000,0x00000000d5c80000,0x00000000d6080000)
 ParOldGen       total 303616K, used 303352K [0x0000000080000000, 0x0000000092880000, 0x00000000d5580000)
  object space 303616K, 99% used [0x0000000080000000,0x000000009283e3a8,0x0000000092880000)
 Metaspace       used 70954K, committed 72640K, reserved 1114112K
  class space    used 7045K, committed 7808K, reserved 1048576K
}
Event: 6857.780 GC heap after
{Heap after GC invocations=305 (full 3):
 PSYoungGen      total 7680K, used 2995K [0x00000000d5580000, 0x00000000d6080000, 0x0000000100000000)
  eden space 3584K, 0% used [0x00000000d5580000,0x00000000d5580000,0x00000000d5900000)
  from space 4096K, 73% used [0x00000000d5c80000,0x00000000d5f6ce80,0x00000000d6080000)
  to   space 3584K, 0% used [0x00000000d5900000,0x00000000d5900000,0x00000000d5c80000)
 ParOldGen       total 305664K, used 305253K [0x0000000080000000, 0x0000000092a80000, 0x00000000d5580000)
  object space 305664K, 99% used [0x0000000080000000,0x0000000092a195b0,0x0000000092a80000)
 Metaspace       used 70954K, committed 72640K, reserved 1114112K
  class space    used 7045K, committed 7808K, reserved 1048576K
}
Event: 6857.852 GC heap before
{Heap before GC invocations=306 (full 3):
 PSYoungGen      total 7680K, used 6579K [0x00000000d5580000, 0x00000000d6080000, 0x0000000100000000)
  eden space 3584K, 100% used [0x00000000d5580000,0x00000000d5900000,0x00000000d5900000)
  from space 4096K, 73% used [0x00000000d5c80000,0x00000000d5f6ce80,0x00000000d6080000)
  to   space 3584K, 0% used [0x00000000d5900000,0x00000000d5900000,0x00000000d5c80000)
 ParOldGen       total 305664K, used 305253K [0x0000000080000000, 0x0000000092a80000, 0x00000000d5580000)
  object space 305664K, 99% used [0x0000000080000000,0x0000000092a195b0,0x0000000092a80000)
 Metaspace       used 70956K, committed 72640K, reserved 1114112K
  class space    used 7045K, committed 7808K, reserved 1048576K
}
Event: 6857.854 GC heap after
{Heap after GC invocations=306 (full 3):
 PSYoungGen      total 7168K, used 3527K [0x00000000d5580000, 0x00000000d6200000, 0x0000000100000000)
  eden space 3584K, 0% used [0x00000000d5580000,0x00000000d5580000,0x00000000d5900000)
  from space 3584K, 98% used [0x00000000d5900000,0x00000000d5c71ef0,0x00000000d5c80000)
  to   space 4096K, 0% used [0x00000000d5e00000,0x00000000d5e00000,0x00000000d6200000)
 ParOldGen       total 308736K, used 308049K [0x0000000080000000, 0x0000000092d80000, 0x00000000d5580000)
  object space 308736K, 99% used [0x0000000080000000,0x0000000092cd4498,0x0000000092d80000)
 Metaspace       used 70956K, committed 72640K, reserved 1114112K
  class space    used 7045K, committed 7808K, reserved 1048576K
}
Event: 6857.919 GC heap before
{Heap before GC invocations=307 (full 3):
 PSYoungGen      total 7168K, used 7111K [0x00000000d5580000, 0x00000000d6200000, 0x0000000100000000)
  eden space 3584K, 100% used [0x00000000d5580000,0x00000000d5900000,0x00000000d5900000)
  from space 3584K, 98% used [0x00000000d5900000,0x00000000d5c71ef0,0x00000000d5c80000)
  to   space 4096K, 0% used [0x00000000d5e00000,0x00000000d5e00000,0x00000000d6200000)
 ParOldGen       total 308736K, used 308049K [0x0000000080000000, 0x0000000092d80000, 0x00000000d5580000)
  object space 308736K, 99% used [0x0000000080000000,0x0000000092cd4498,0x0000000092d80000)
 Metaspace       used 70960K, committed 72640K, reserved 1114112K
  class space    used 7045K, committed 7808K, reserved 1048576K
}
Event: 6857.921 GC heap after
{Heap after GC invocations=307 (full 3):
 PSYoungGen      total 7168K, used 2325K [0x00000000d5580000, 0x00000000d6080000, 0x0000000100000000)
  eden space 4608K, 0% used [0x00000000d5580000,0x00000000d5580000,0x00000000d5a00000)
  from space 2560K, 90% used [0x00000000d5e00000,0x00000000d6045640,0x00000000d6080000)
  to   space 3072K, 0% used [0x00000000d5a80000,0x00000000d5a80000,0x00000000d5d80000)
 ParOldGen       total 311808K, used 311352K [0x0000000080000000, 0x0000000093080000, 0x00000000d5580000)
  object space 311808K, 99% used [0x0000000080000000,0x000000009300e078,0x0000000093080000)
 Metaspace       used 70960K, committed 72640K, reserved 1114112K
  class space    used 7045K, committed 7808K, reserved 1048576K
}
Event: 6857.971 GC heap before
{Heap before GC invocations=308 (full 3):
 PSYoungGen      total 7168K, used 6930K [0x00000000d5580000, 0x00000000d6080000, 0x0000000100000000)
  eden space 4608K, 99% used [0x00000000d5580000,0x00000000d59ff518,0x00000000d5a00000)
  from space 2560K, 90% used [0x00000000d5e00000,0x00000000d6045640,0x00000000d6080000)
  to   space 3072K, 0% used [0x00000000d5a80000,0x00000000d5a80000,0x00000000d5d80000)
 ParOldGen       total 311808K, used 311352K [0x0000000080000000, 0x0000000093080000, 0x00000000d5580000)
  object space 311808K, 99% used [0x0000000080000000,0x000000009300e078,0x0000000093080000)
 Metaspace       used 70960K, committed 72640K, reserved 1114112K
  class space    used 7045K, committed 7808K, reserved 1048576K
}
Event: 6857.973 GC heap after
{Heap after GC invocations=308 (full 3):
 PSYoungGen      total 5632K, used 1024K [0x00000000d5580000, 0x00000000d5e80000, 0x0000000100000000)
  eden space 4608K, 0% used [0x00000000d5580000,0x00000000d5580000,0x00000000d5a00000)
  from space 1024K, 100% used [0x00000000d5a80000,0x00000000d5b80000,0x00000000d5b80000)
  to   space 2048K, 0% used [0x00000000d5c80000,0x00000000d5c80000,0x00000000d5e80000)
 ParOldGen       total 313344K, used 313159K [0x0000000080000000, 0x0000000093200000, 0x00000000d5580000)
  object space 313344K, 99% used [0x0000000080000000,0x00000000931d1ed8,0x0000000093200000)
 Metaspace       used 70960K, committed 72640K, reserved 1114112K
  class space    used 7045K, committed 7808K, reserved 1048576K
}
Event: 6858.018 GC heap before
{Heap before GC invocations=309 (full 3):
 PSYoungGen      total 5632K, used 5621K [0x00000000d5580000, 0x00000000d5e80000, 0x0000000100000000)
  eden space 4608K, 99% used [0x00000000d5580000,0x00000000d59fd7d8,0x00000000d5a00000)
  from space 1024K, 100% used [0x00000000d5a80000,0x00000000d5b80000,0x00000000d5b80000)
  to   space 2048K, 0% used [0x00000000d5c80000,0x00000000d5c80000,0x00000000d5e80000)
 ParOldGen       total 313344K, used 313159K [0x0000000080000000, 0x0000000093200000, 0x00000000d5580000)
  object space 313344K, 99% used [0x0000000080000000,0x00000000931d1ed8,0x0000000093200000)
 Metaspace       used 70963K, committed 72640K, reserved 1114112K
  class space    used 7045K, committed 7808K, reserved 1048576K
}
Event: 6858.020 GC heap after
{Heap after GC invocations=309 (full 3):
 PSYoungGen      total 6144K, used 1126K [0x00000000d5580000, 0x00000000d5e00000, 0x0000000100000000)
  eden space 4608K, 0% used [0x00000000d5580000,0x00000000d5580000,0x00000000d5a00000)
  from space 1536K, 73% used [0x00000000d5c80000,0x00000000d5d99bb8,0x00000000d5e00000)
  to   space 1536K, 0% used [0x00000000d5b00000,0x00000000d5b00000,0x00000000d5c80000)
 ParOldGen       total 314368K, used 313883K [0x0000000080000000, 0x0000000093300000, 0x00000000d5580000)
  object space 314368K, 99% used [0x0000000080000000,0x0000000093286ee8,0x0000000093300000)
 Metaspace       used 70963K, committed 72640K, reserved 1114112K
  class space    used 7045K, committed 7808K, reserved 1048576K
}
Event: 6858.406 GC heap before
{Heap before GC invocations=310 (full 3):
 PSYoungGen      total 6144K, used 5734K [0x00000000d5580000, 0x00000000d5e00000, 0x0000000100000000)
  eden space 4608K, 100% used [0x00000000d5580000,0x00000000d5a00000,0x00000000d5a00000)
  from space 1536K, 73% used [0x00000000d5c80000,0x00000000d5d99bb8,0x00000000d5e00000)
  to   space 1536K, 0% used [0x00000000d5b00000,0x00000000d5b00000,0x00000000d5c80000)
 ParOldGen       total 314368K, used 313883K [0x0000000080000000, 0x0000000093300000, 0x00000000d5580000)
  object space 314368K, 99% used [0x0000000080000000,0x0000000093286ee8,0x0000000093300000)
 Metaspace       used 71012K, committed 72640K, reserved 1114112K
  class space    used 7052K, committed 7808K, reserved 1048576K
}
Event: 6858.408 GC heap after
{Heap after GC invocations=310 (full 3):
 PSYoungGen      total 6144K, used 1312K [0x00000000d5580000, 0x00000000d5d00000, 0x0000000100000000)
  eden space 4608K, 0% used [0x00000000d5580000,0x00000000d5580000,0x00000000d5a00000)
  from space 1536K, 85% used [0x00000000d5b00000,0x00000000d5c48000,0x00000000d5c80000)
  to   space 512K, 0% used [0x00000000d5c80000,0x00000000d5c80000,0x00000000d5d00000)
 ParOldGen       total 314880K, used 314695K [0x0000000080000000, 0x0000000093380000, 0x00000000d5580000)
  object space 314880K, 99% used [0x0000000080000000,0x0000000093351f18,0x0000000093380000)
 Metaspace       used 71012K, committed 72640K, reserved 1114112K
  class space    used 7052K, committed 7808K, reserved 1048576K
}

